<?xml version="1.0" encoding="UTF-8"?>
<testng-results ignored="0" total="1" passed="1" failed="0" skipped="0">
  <reporter-output>
  </reporter-output>
  <suite started-at="2025-11-05T13:08:08 IST" name="Default suite" finished-at="2025-11-05T13:08:59 IST" duration-ms="50801">
    <groups>
      <group name="cucumber">
        <method signature="AbstractTestNGCucumberTests.runScenario(io.cucumber.testng.PickleWrapper,io.cucumber.testng.FeatureWrapper)[pri:0, instance:TestNGRunner.TestngRunneer@c0c2f8d]" name="runScenario" class="io.cucumber.testng.AbstractTestNGCucumberTests"/>
      </group> <!-- cucumber -->
    </groups>
    <test started-at="2025-11-05T13:08:08 IST" name="Default test" finished-at="2025-11-05T13:08:59 IST" duration-ms="50801">
      <class name="TestNGRunner.TestngRunneer">
        <test-method is-config="true" signature="setUpClass(org.testng.ITestContext)[pri:0, instance:TestNGRunner.TestngRunneer@c0c2f8d]" started-at="2025-11-05T13:08:08 IST" name="setUpClass" finished-at="2025-11-05T13:08:21 IST" duration-ms="12340" status="PASS">
          <params>
            <param index="0">
              <value>
                <![CDATA[org.testng.TestRunner@627d8516]]>
              </value>
            </param>
          </params>
          <reporter-output>
          </reporter-output>
        </test-method> <!-- setUpClass -->
        <test-method signature="runScenario(io.cucumber.testng.PickleWrapper,io.cucumber.testng.FeatureWrapper)[pri:0, instance:TestNGRunner.TestngRunneer@c0c2f8d]" started-at="2025-11-05T13:08:22 IST" name="runScenario" description="Runs Cucumber Scenarios" data-provider="scenarios" finished-at="2025-11-05T13:08:56 IST" duration-ms="34133" status="PASS">
          <params>
            <param index="0">
              <value>
                <![CDATA["verify is abale to login"]]>
              </value>
            </param>
            <param index="1">
              <value>
                <![CDATA["Logint to lest application"]]>
              </value>
            </param>
          </params>
          <reporter-output>
          </reporter-output>
        </test-method> <!-- runScenario -->
        <test-method is-config="true" signature="tearDownClass()[pri:0, instance:TestNGRunner.TestngRunneer@c0c2f8d]" started-at="2025-11-05T13:08:56 IST" name="tearDownClass" finished-at="2025-11-05T13:08:59 IST" duration-ms="2944" status="PASS">
          <reporter-output>
          </reporter-output>
        </test-method> <!-- tearDownClass -->
      </class> <!-- TestNGRunner.TestngRunneer -->
    </test> <!-- Default test -->
  </suite> <!-- Default suite -->
</testng-results>
