<?xml version="1.0" encoding="UTF-8"?>
<!-- Generated by org.testng.reporters.JUnitReportReporter -->
<testsuite hostname="DESKTOP-OBVHORR" failures="0" tests="2" name="TestNGRunner.FailedScenariosrunner" time="35.104" errors="2" timestamp="2025-11-03T21:23:06 IST" skipped="0">
  <testcase classname="TestNGRunner.FailedScenariosrunner" name="runScenario" time="17.552">
    <error type="java.util.NoSuchElementException">
      <![CDATA[java.util.NoSuchElementException
at java.base/java.util.LinkedHashMap$LinkedHashIterator.nextNode(LinkedHashMap.java:1025)
at java.base/java.util.LinkedHashMap$LinkedKeyIterator.next(LinkedHashMap.java:1046)
at Utils.GenericUtil.Switchto(GenericUtil.java:18)
at StepDefination.OfferPageStepDefination.search_the_same_short_text_on_offerspage(OfferPageStepDefination.java:23)
at ✽.search the same short text beet on offerspage(file:///C:/Users/user/Desktop/Sharan%20Documemnts/CucumberTest/src/test/java/Features/SearchProduct.feature:6)
]]>
    </error>
  </testcase> <!-- runScenario -->
  <testcase classname="TestNGRunner.FailedScenariosrunner" name="runScenario" time="17.552">
    <error type="java.util.NoSuchElementException">
      <![CDATA[java.util.NoSuchElementException
at java.base/java.util.LinkedHashMap$LinkedHashIterator.nextNode(LinkedHashMap.java:1025)
at java.base/java.util.LinkedHashMap$LinkedKeyIterator.next(LinkedHashMap.java:1046)
at Utils.GenericUtil.Switchto(GenericUtil.java:18)
at StepDefination.OfferPageStepDefination.search_the_same_short_text_on_offerspage(OfferPageStepDefination.java:23)
at ✽.search the same short text Bri on offerspage(file:///C:/Users/user/Desktop/Sharan%20Documemnts/CucumberTest/src/test/java/Features/SearchProduct.feature:6)
]]>
    </error>
  </testcase> <!-- runScenario -->
</testsuite> <!-- TestNGRunner.FailedScenariosrunner -->
